[debug] [2018-05-03T07:04:05.894Z] ----------------------------------------------------------------------
[debug] [2018-05-03T07:04:05.896Z] Command:       /usr/local/bin/node /usr/local/bin/firebase serve
[debug] [2018-05-03T07:04:05.897Z] CLI Version:   3.18.4
[debug] [2018-05-03T07:04:05.897Z] Platform:      darwin
[debug] [2018-05-03T07:04:05.897Z] Node Version:  v8.11.1
[debug] [2018-05-03T07:04:05.898Z] Time:          Thu May 03 2018 17:04:05 GMT+1000 (AEST)
[debug] [2018-05-03T07:04:05.898Z] ----------------------------------------------------------------------
[debug] 
[debug] [2018-05-03T07:04:05.926Z] > command requires scopes: ["email","openid","https://www.googleapis.com/auth/cloudplatformprojects.readonly","https://www.googleapis.com/auth/firebase","https://www.googleapis.com/auth/cloud-platform"]
[debug] [2018-05-03T07:04:05.927Z] > authorizing via signed-in user
[debug] [2018-05-03T07:04:05.930Z] > refreshing access token with scopes: ["email","https://www.googleapis.com/auth/cloud-platform","https://www.googleapis.com/auth/cloudplatformprojects.readonly","https://www.googleapis.com/auth/firebase","openid"]
[debug] [2018-05-03T07:04:05.931Z] >>> HTTP REQUEST POST https://www.googleapis.com/oauth2/v3/token  
 { refresh_token: '1/xz96eJDqAjZ90QNeVHAqFoDdElBxaP7cGbdDcLga9wE',
  client_id: '563584335869-fgrhgmd47bqnekij5i8b5pr03ho849e6.apps.googleusercontent.com',
  client_secret: 'j9iVZfS8kkCEFUPaAeJV0sAi',
  grant_type: 'refresh_token',
  scope: 'email https://www.googleapis.com/auth/cloud-platform https://www.googleapis.com/auth/cloudplatformprojects.readonly https://www.googleapis.com/auth/firebase openid' } 
 Thu May 03 2018 17:04:05 GMT+1000 (AEST)
[debug] [2018-05-03T07:04:07.238Z] <<< HTTP RESPONSE 200
[debug] [2018-05-03T07:04:07.259Z] >>> HTTP REQUEST GET https://admin.firebase.com/v1/projects/checkers-nathan  
  
 Thu May 03 2018 17:04:07 GMT+1000 (AEST)
[debug] [2018-05-03T07:04:10.107Z] <<< HTTP RESPONSE 200
[debug] [2018-05-03T07:04:10.108Z] >>> HTTP REQUEST GET https://admin.firebase.com/v1/database/checkers-nathan/tokens  
  
 Thu May 03 2018 17:04:10 GMT+1000 (AEST)
[debug] [2018-05-03T07:04:11.335Z] <<< HTTP RESPONSE 200
[debug] [2018-05-03T07:04:11.336Z] >>> HTTP REQUEST GET https://cloudresourcemanager.googleapis.com/v1/projects/checkers-nathan  
  
 Thu May 03 2018 17:04:11 GMT+1000 (AEST)
[debug] [2018-05-03T07:04:13.225Z] <<< HTTP RESPONSE 200
[info] 
[info] === Serving from '/Users/nathandelmedico/wdi/projects/project0a'...
[info] 
[debug] [2018-05-03T07:04:13.229Z] >>> HTTP REQUEST GET https://mobilesdk-pa.googleapis.com/v1/projects/781239161437/clients/_:getWebAppConfig  
  
 Thu May 03 2018 17:04:13 GMT+1000 (AEST)
[debug] [2018-05-03T07:04:15.227Z] <<< HTTP RESPONSE 200
[info] i  hosting: Serving hosting files from: public
[info] ✔  hosting: Local server: http://localhost:5000

